<?xml version="1.0" encoding="UTF-8"?>
<!-- Generated by org.testng.reporters.JUnitReportReporter -->
<testsuite hostname="Nimmo" failures="0" tests="1" name="test.SwagLabLoginPageTest" time="3.277" errors="0" timestamp="2024-01-03T23:59:27 IST" skipped="0">
  <testcase classname="test.SwagLabLoginPageTest" name="validateSwagLabLogin" time="3.277"/>
  <system-out/>
</testsuite> <!-- test.SwagLabLoginPageTest -->
