<?xml version="1.0" encoding="UTF-8"?>
<!-- Generated by org.testng.reporters.JUnitReportReporter -->
<testsuite hostname="Nimmo" failures="0" tests="1" name="test.AlertTest$BataLoginPageTest" time="3.771" errors="0" timestamp="2024-01-02T21:58:36 IST" skipped="0">
  <testcase classname="test.AlertTest$BataLoginPageTest" name="validateAlertpopup" time="3.771"/>
  <system-out/>
</testsuite> <!-- test.AlertTest$BataLoginPageTest -->
