<?xml version="1.0" encoding="UTF-8"?>
<!-- Generated by org.testng.reporters.JUnitReportReporter -->
<testsuite hostname="Nimmo" failures="0" tests="1" name="test.MouseActionTest" time="9.133" errors="0" timestamp="2024-01-02T22:31:53 IST" skipped="0">
  <testcase classname="test.MouseActionTest" name="validateMouseAction" time="9.133"/>
  <system-out/>
</testsuite> <!-- test.MouseActionTest -->
