<?xml version="1.0" encoding="UTF-8"?>
<!-- Generated by org.testng.reporters.JUnitReportReporter -->
<testsuite hostname="Nimmo" failures="0" tests="1" name="test.DropdownPageTest" time="21.416" errors="0" timestamp="2024-01-03T19:36:03 IST" skipped="0">
  <testcase classname="test.DropdownPageTest" name="validateDropDown" time="21.416"/>
  <system-out/>
</testsuite> <!-- test.DropdownPageTest -->
