<?xml version="1.0" encoding="UTF-8"?>
<!-- Generated by org.testng.reporters.JUnitReportReporter -->
<testsuite hostname="Nimmo" failures="0" tests="1" name="test.KeyboardActionTest" time="7.486" errors="0" timestamp="2024-01-02T22:20:31 IST" skipped="0">
  <testcase classname="test.KeyboardActionTest" name="validateKeyBoardAction" time="7.486"/>
  <system-out/>
</testsuite> <!-- test.KeyboardActionTest -->
